2014-01-11 22:30:50.543+0000 INFO  [API] Setting startup timeout to: 120000ms based on -1
2014-01-11 22:30:52.390+0000 INFO  [API] Successfully started database
2014-01-11 22:30:52.793+0000 INFO  [API] Starting HTTP on port :7474 with 80 threads available
2014-01-11 22:30:52.989+0000 INFO  [API] Enabling HTTPS on port :7473
2014-01-11 22:30:52.990+0000 INFO  [API] No SSL certificate found, generating a self-signed certificate..
2014-01-11 22:30:53.339+0000 INFO  [API] Mounted discovery module at [/]
2014-01-11 22:30:53.349+0000 INFO  [API] Mounted REST API at [/db/data/]
2014-01-11 22:30:53.353+0000 INFO  [API] Mounted management API at [/db/manage/]
2014-01-11 22:30:53.354+0000 INFO  [API] Mounted webadmin at [/webadmin]
2014-01-11 22:30:53.355+0000 INFO  [API] Mounted Neo4j Browser at [/browser]
2014-01-11 22:30:53.429+0000 INFO  [API] Mounting static content at [/webadmin] from [webadmin-html]
2014-01-11 22:30:53.628+0000 INFO  [API] Mounting static content at [/browser] from [browser]
17:30:53.630 [main] WARN  o.e.j.server.handler.ContextHandler - o.e.j.s.ServletContextHandler@77db3f0d{/,null,null} contextPath ends with /
17:30:53.631 [main] WARN  o.e.j.server.handler.ContextHandler - Empty contextPath
17:30:53.637 [main] INFO  org.eclipse.jetty.server.Server - jetty-9.0.5.v20130815
17:30:53.696 [main] INFO  o.e.j.server.handler.ContextHandler - Started o.e.j.s.h.MovedContextHandler@7faf59c1{/,null,AVAILABLE}
17:30:53.719 [main] WARN  o.e.jetty.webapp.WebInfConfiguration - Can't reuse /tmp/jetty-localhost-7474-webadmin-html-_webadmin-any-, using /tmp/jetty-localhost-7474-webadmin-html-_webadmin-any-_1690919116077795180
17:30:53.842 [main] INFO  o.e.j.w.StandardDescriptorProcessor - NO JSP Support for /webadmin, did not find org.apache.jasper.servlet.JspServlet
17:30:53.873 [main] INFO  o.e.j.server.handler.ContextHandler - Started o.e.j.w.WebAppContext@28031121{/webadmin,jar:file:/home/javad/cadet/neo4j-community-2.0.0/system/lib/neo4j-server-2.0.0-static-web.jar!/webadmin-html,AVAILABLE}
17:30:54.566 [main] INFO  o.e.j.server.handler.ContextHandler - Started o.e.j.s.ServletContextHandler@5be52770{/db/manage,null,AVAILABLE}
17:30:54.888 [main] INFO  o.e.j.server.handler.ContextHandler - Started o.e.j.s.ServletContextHandler@3f738bc{/db/data,null,AVAILABLE}
17:30:54.890 [main] WARN  o.e.jetty.webapp.WebInfConfiguration - Can't reuse /tmp/jetty-localhost-7474-browser-_browser-any-, using /tmp/jetty-localhost-7474-browser-_browser-any-_128955275059988683
17:30:54.909 [main] INFO  o.e.j.w.StandardDescriptorProcessor - NO JSP Support for /browser, did not find org.apache.jasper.servlet.JspServlet
17:30:54.910 [main] INFO  o.e.j.server.handler.ContextHandler - Started o.e.j.w.WebAppContext@73f5c083{/browser,jar:file:/home/javad/cadet/neo4j-community-2.0.0/system/lib/neo4j-browser-2.0.0.jar!/browser,AVAILABLE}
17:30:55.074 [main] INFO  o.e.j.server.handler.ContextHandler - Started o.e.j.s.ServletContextHandler@77db3f0d{/,null,AVAILABLE}
17:30:55.082 [main] WARN  o.e.j.u.component.AbstractLifeCycle - FAILED ServerConnector@35482e71{HTTP/1.1}{localhost:7474}: java.net.BindException: Address already in use
java.net.BindException: Address already in use
	at sun.nio.ch.Net.bind0(Native Method) ~[na:1.7.0_45]
	at sun.nio.ch.Net.bind(Net.java:444) ~[na:1.7.0_45]
	at sun.nio.ch.Net.bind(Net.java:436) ~[na:1.7.0_45]
	at sun.nio.ch.ServerSocketChannelImpl.bind(ServerSocketChannelImpl.java:214) ~[na:1.7.0_45]
	at sun.nio.ch.ServerSocketAdaptor.bind(ServerSocketAdaptor.java:74) ~[na:1.7.0_45]
	at org.eclipse.jetty.server.ServerConnector.open(ServerConnector.java:244) ~[jetty-server-9.0.5.v20130815.jar:9.0.5.v20130815]
	at org.eclipse.jetty.server.AbstractNetworkConnector.doStart(AbstractNetworkConnector.java:80) ~[jetty-server-9.0.5.v20130815.jar:9.0.5.v20130815]
	at org.eclipse.jetty.util.component.AbstractLifeCycle.start(AbstractLifeCycle.java:69) [jetty-util-9.0.5.v20130815.jar:9.0.5.v20130815]
	at org.eclipse.jetty.server.Server.doStart(Server.java:303) [jetty-server-9.0.5.v20130815.jar:9.0.5.v20130815]
	at org.eclipse.jetty.util.component.AbstractLifeCycle.start(AbstractLifeCycle.java:69) [jetty-util-9.0.5.v20130815.jar:9.0.5.v20130815]
	at org.neo4j.server.web.Jetty9WebServer.startJetty(Jetty9WebServer.java:349) [neo4j-server-2.0.0.jar:2.0.0]
	at org.neo4j.server.web.Jetty9WebServer.start(Jetty9WebServer.java:172) [neo4j-server-2.0.0.jar:2.0.0]
	at org.neo4j.server.AbstractNeoServer.startWebServer(AbstractNeoServer.java:391) [neo4j-server-2.0.0.jar:2.0.0]
	at org.neo4j.server.AbstractNeoServer.start(AbstractNeoServer.java:176) [neo4j-server-2.0.0.jar:2.0.0]
	at org.neo4j.server.Bootstrapper.start(Bootstrapper.java:87) [neo4j-server-2.0.0.jar:2.0.0]
	at org.neo4j.server.Bootstrapper.main(Bootstrapper.java:50) [neo4j-server-2.0.0.jar:2.0.0]
17:30:55.083 [main] WARN  o.e.j.u.component.AbstractLifeCycle - FAILED ServerConnector@2056e7f0{SSL-HTTP/1.1}{localhost:7473}: java.net.BindException: Address already in use
java.net.BindException: Address already in use
	at sun.nio.ch.Net.bind0(Native Method) ~[na:1.7.0_45]
	at sun.nio.ch.Net.bind(Net.java:444) ~[na:1.7.0_45]
	at sun.nio.ch.Net.bind(Net.java:436) ~[na:1.7.0_45]
	at sun.nio.ch.ServerSocketChannelImpl.bind(ServerSocketChannelImpl.java:214) ~[na:1.7.0_45]
	at sun.nio.ch.ServerSocketAdaptor.bind(ServerSocketAdaptor.java:74) ~[na:1.7.0_45]
	at org.eclipse.jetty.server.ServerConnector.open(ServerConnector.java:244) ~[jetty-server-9.0.5.v20130815.jar:9.0.5.v20130815]
	at org.eclipse.jetty.server.AbstractNetworkConnector.doStart(AbstractNetworkConnector.java:80) ~[jetty-server-9.0.5.v20130815.jar:9.0.5.v20130815]
	at org.eclipse.jetty.util.component.AbstractLifeCycle.start(AbstractLifeCycle.java:69) [jetty-util-9.0.5.v20130815.jar:9.0.5.v20130815]
	at org.eclipse.jetty.server.Server.doStart(Server.java:303) [jetty-server-9.0.5.v20130815.jar:9.0.5.v20130815]
	at org.eclipse.jetty.util.component.AbstractLifeCycle.start(AbstractLifeCycle.java:69) [jetty-util-9.0.5.v20130815.jar:9.0.5.v20130815]
	at org.neo4j.server.web.Jetty9WebServer.startJetty(Jetty9WebServer.java:349) [neo4j-server-2.0.0.jar:2.0.0]
	at org.neo4j.server.web.Jetty9WebServer.start(Jetty9WebServer.java:172) [neo4j-server-2.0.0.jar:2.0.0]
	at org.neo4j.server.AbstractNeoServer.startWebServer(AbstractNeoServer.java:391) [neo4j-server-2.0.0.jar:2.0.0]
	at org.neo4j.server.AbstractNeoServer.start(AbstractNeoServer.java:176) [neo4j-server-2.0.0.jar:2.0.0]
	at org.neo4j.server.Bootstrapper.start(Bootstrapper.java:87) [neo4j-server-2.0.0.jar:2.0.0]
	at org.neo4j.server.Bootstrapper.main(Bootstrapper.java:50) [neo4j-server-2.0.0.jar:2.0.0]
17:30:55.084 [main] WARN  o.e.j.u.component.AbstractLifeCycle - FAILED org.eclipse.jetty.server.Server@29954e26: MultiException[java.net.BindException: Address already in use, java.net.BindException: Address already in use]
org.eclipse.jetty.util.MultiException: Multiple exceptions
	at org.eclipse.jetty.server.Server.doStart(Server.java:286) ~[jetty-server-9.0.5.v20130815.jar:9.0.5.v20130815]
	at org.eclipse.jetty.util.component.AbstractLifeCycle.start(AbstractLifeCycle.java:69) ~[jetty-util-9.0.5.v20130815.jar:9.0.5.v20130815]
	at org.neo4j.server.web.Jetty9WebServer.startJetty(Jetty9WebServer.java:349) [neo4j-server-2.0.0.jar:2.0.0]
	at org.neo4j.server.web.Jetty9WebServer.start(Jetty9WebServer.java:172) [neo4j-server-2.0.0.jar:2.0.0]
	at org.neo4j.server.AbstractNeoServer.startWebServer(AbstractNeoServer.java:391) [neo4j-server-2.0.0.jar:2.0.0]
	at org.neo4j.server.AbstractNeoServer.start(AbstractNeoServer.java:176) [neo4j-server-2.0.0.jar:2.0.0]
	at org.neo4j.server.Bootstrapper.start(Bootstrapper.java:87) [neo4j-server-2.0.0.jar:2.0.0]
	at org.neo4j.server.Bootstrapper.main(Bootstrapper.java:50) [neo4j-server-2.0.0.jar:2.0.0]
2014-01-11 22:30:55.085+0000 DEBUG [API] Failed to start Neo Server on port [7474], reason [MultiException[java.net.BindException: Address already in use, java.net.BindException: Address already in use]]
2014-01-11 22:30:55.087+0000 DEBUG [API] 
org.neo4j.server.ServerStartupException: Starting Neo4j Server failed: MultiException[java.net.BindException: Address already in use, java.net.BindException: Address already in use]
	at org.neo4j.server.AbstractNeoServer.start(AbstractNeoServer.java:209) ~[neo4j-server-2.0.0.jar:2.0.0]
	at org.neo4j.server.Bootstrapper.start(Bootstrapper.java:87) [neo4j-server-2.0.0.jar:2.0.0]
	at org.neo4j.server.Bootstrapper.main(Bootstrapper.java:50) [neo4j-server-2.0.0.jar:2.0.0]
Caused by: java.lang.RuntimeException: MultiException[java.net.BindException: Address already in use, java.net.BindException: Address already in use]
	at org.neo4j.server.web.Jetty9WebServer.startJetty(Jetty9WebServer.java:353) ~[neo4j-server-2.0.0.jar:2.0.0]
	at org.neo4j.server.web.Jetty9WebServer.start(Jetty9WebServer.java:172) ~[neo4j-server-2.0.0.jar:2.0.0]
	at org.neo4j.server.AbstractNeoServer.startWebServer(AbstractNeoServer.java:391) ~[neo4j-server-2.0.0.jar:2.0.0]
	at org.neo4j.server.AbstractNeoServer.start(AbstractNeoServer.java:176) ~[neo4j-server-2.0.0.jar:2.0.0]
	... 2 common frames omitted
Caused by: org.eclipse.jetty.util.MultiException: Multiple exceptions
	at org.eclipse.jetty.server.Server.doStart(Server.java:286) ~[jetty-server-9.0.5.v20130815.jar:9.0.5.v20130815]
	at org.eclipse.jetty.util.component.AbstractLifeCycle.start(AbstractLifeCycle.java:69) ~[jetty-util-9.0.5.v20130815.jar:9.0.5.v20130815]
	at org.neo4j.server.web.Jetty9WebServer.startJetty(Jetty9WebServer.java:349) ~[neo4j-server-2.0.0.jar:2.0.0]
	... 5 common frames omitted
2014-01-11 22:30:55.088+0000 DEBUG [API] Failed to start Neo Server on port [7474]
2014-01-11 22:31:41.647+0000 INFO  [API] Setting startup timeout to: 120000ms based on -1
Detected incorrectly shut down database, performing recovery..
2014-01-11 22:31:43.080+0000 INFO  [API] Successfully started database
2014-01-11 22:31:43.514+0000 INFO  [API] Starting HTTP on port :7474 with 80 threads available
2014-01-11 22:31:43.737+0000 INFO  [API] Enabling HTTPS on port :7473
2014-01-11 22:31:43.869+0000 INFO  [API] Mounted discovery module at [/]
2014-01-11 22:31:43.878+0000 INFO  [API] Mounted REST API at [/db/data/]
2014-01-11 22:31:43.882+0000 INFO  [API] Mounted management API at [/db/manage/]
2014-01-11 22:31:43.883+0000 INFO  [API] Mounted webadmin at [/webadmin]
2014-01-11 22:31:43.884+0000 INFO  [API] Mounted Neo4j Browser at [/browser]
2014-01-11 22:31:43.958+0000 INFO  [API] Mounting static content at [/webadmin] from [webadmin-html]
2014-01-11 22:31:44.037+0000 INFO  [API] Mounting static content at [/browser] from [browser]
17:31:44.038 [main] WARN  o.e.j.server.handler.ContextHandler - o.e.j.s.ServletContextHandler@59a2f92c{/,null,null} contextPath ends with /
17:31:44.038 [main] WARN  o.e.j.server.handler.ContextHandler - Empty contextPath
17:31:44.041 [main] INFO  org.eclipse.jetty.server.Server - jetty-9.0.5.v20130815
17:31:44.139 [main] INFO  o.e.j.server.handler.ContextHandler - Started o.e.j.s.h.MovedContextHandler@372abfb4{/,null,AVAILABLE}
17:31:44.251 [main] INFO  o.e.j.w.StandardDescriptorProcessor - NO JSP Support for /webadmin, did not find org.apache.jasper.servlet.JspServlet
17:31:44.270 [main] INFO  o.e.j.server.handler.ContextHandler - Started o.e.j.w.WebAppContext@ff268e7{/webadmin,jar:file:/home/javad/cadet/neo4j-community-2.0.0/system/lib/neo4j-server-2.0.0-static-web.jar!/webadmin-html,AVAILABLE}
17:31:44.826 [main] INFO  o.e.j.server.handler.ContextHandler - Started o.e.j.s.ServletContextHandler@1ab1b70e{/db/manage,null,AVAILABLE}
17:31:45.183 [main] INFO  o.e.j.server.handler.ContextHandler - Started o.e.j.s.ServletContextHandler@5153cdf8{/db/data,null,AVAILABLE}
17:31:45.204 [main] INFO  o.e.j.w.StandardDescriptorProcessor - NO JSP Support for /browser, did not find org.apache.jasper.servlet.JspServlet
17:31:45.206 [main] INFO  o.e.j.server.handler.ContextHandler - Started o.e.j.w.WebAppContext@2c96fc09{/browser,jar:file:/home/javad/cadet/neo4j-community-2.0.0/system/lib/neo4j-browser-2.0.0.jar!/browser,AVAILABLE}
17:31:45.352 [main] INFO  o.e.j.server.handler.ContextHandler - Started o.e.j.s.ServletContextHandler@59a2f92c{/,null,AVAILABLE}
17:31:45.363 [main] INFO  o.e.jetty.server.ServerConnector - Started ServerConnector@47f347b6{HTTP/1.1}{localhost:7474}
17:31:45.833 [main] INFO  o.e.jetty.server.ServerConnector - Started ServerConnector@45dbf0cd{SSL-HTTP/1.1}{localhost:7473}
2014-01-11 22:31:45.835+0000 INFO  [API] Remote interface ready and available at [http://localhost:7474/]
2014-01-11 22:31:48.185+0000 INFO  [API] Neo4j Server shutdown initiated by request
17:31:48.196 [Thread-32] INFO  o.e.jetty.server.ServerConnector - Stopped ServerConnector@47f347b6{HTTP/1.1}{localhost:7474}
17:31:48.200 [Thread-32] INFO  o.e.jetty.server.ServerConnector - Stopped ServerConnector@45dbf0cd{SSL-HTTP/1.1}{localhost:7473}
17:31:48.202 [Thread-32] INFO  o.e.j.server.handler.ContextHandler - Stopped o.e.j.s.ServletContextHandler@59a2f92c{/,null,UNAVAILABLE}
17:31:48.203 [Thread-32] INFO  o.e.j.server.handler.ContextHandler - Stopped o.e.j.w.WebAppContext@2c96fc09{/browser,jar:file:/home/javad/cadet/neo4j-community-2.0.0/system/lib/neo4j-browser-2.0.0.jar!/browser,UNAVAILABLE}
17:31:48.204 [Thread-32] INFO  o.e.j.server.handler.ContextHandler - Stopped o.e.j.s.ServletContextHandler@5153cdf8{/db/data,null,UNAVAILABLE}
17:31:48.204 [Thread-32] INFO  o.e.j.server.handler.ContextHandler - Stopped o.e.j.s.ServletContextHandler@1ab1b70e{/db/manage,null,UNAVAILABLE}
17:31:48.205 [Thread-32] INFO  o.e.j.server.handler.ContextHandler - Stopped o.e.j.w.WebAppContext@ff268e7{/webadmin,jar:file:/home/javad/cadet/neo4j-community-2.0.0/system/lib/neo4j-server-2.0.0-static-web.jar!/webadmin-html,UNAVAILABLE}
17:31:48.206 [Thread-32] INFO  o.e.j.server.handler.ContextHandler - Stopped o.e.j.s.h.MovedContextHandler@372abfb4{/,null,UNAVAILABLE}
2014-01-11 22:38:36.089+0000 INFO  [API] Setting startup timeout to: 120000ms based on -1
Detected incorrectly shut down database, performing recovery..
2014-01-11 22:38:37.497+0000 INFO  [API] Successfully started database
2014-01-11 22:38:37.890+0000 INFO  [API] Starting HTTP on port :7474 with 80 threads available
2014-01-11 22:38:38.083+0000 INFO  [API] Enabling HTTPS on port :7473
2014-01-11 22:38:38.184+0000 INFO  [API] Mounted discovery module at [/]
2014-01-11 22:38:38.192+0000 INFO  [API] Mounted REST API at [/db/data/]
2014-01-11 22:38:38.196+0000 INFO  [API] Mounted management API at [/db/manage/]
2014-01-11 22:38:38.197+0000 INFO  [API] Mounted webadmin at [/webadmin]
2014-01-11 22:38:38.198+0000 INFO  [API] Mounted Neo4j Browser at [/browser]
2014-01-11 22:38:38.308+0000 INFO  [API] Mounting static content at [/webadmin] from [webadmin-html]
2014-01-11 22:38:38.395+0000 INFO  [API] Mounting static content at [/browser] from [browser]
17:38:38.396 [main] WARN  o.e.j.server.handler.ContextHandler - o.e.j.s.ServletContextHandler@b5a9289{/,null,null} contextPath ends with /
17:38:38.396 [main] WARN  o.e.j.server.handler.ContextHandler - Empty contextPath
17:38:38.400 [main] INFO  org.eclipse.jetty.server.Server - jetty-9.0.5.v20130815
17:38:38.505 [main] INFO  o.e.j.server.handler.ContextHandler - Started o.e.j.s.h.MovedContextHandler@7022efdf{/,null,AVAILABLE}
17:38:38.622 [main] INFO  o.e.j.w.StandardDescriptorProcessor - NO JSP Support for /webadmin, did not find org.apache.jasper.servlet.JspServlet
17:38:38.641 [main] INFO  o.e.j.server.handler.ContextHandler - Started o.e.j.w.WebAppContext@5a3525c5{/webadmin,jar:file:/home/javad/cadet/neo4j-community-2.0.0/system/lib/neo4j-server-2.0.0-static-web.jar!/webadmin-html,AVAILABLE}
17:38:39.203 [main] INFO  o.e.j.server.handler.ContextHandler - Started o.e.j.s.ServletContextHandler@3b92833d{/db/manage,null,AVAILABLE}
17:38:39.512 [main] INFO  o.e.j.server.handler.ContextHandler - Started o.e.j.s.ServletContextHandler@2c783096{/db/data,null,AVAILABLE}
17:38:39.534 [main] INFO  o.e.j.w.StandardDescriptorProcessor - NO JSP Support for /browser, did not find org.apache.jasper.servlet.JspServlet
17:38:39.536 [main] INFO  o.e.j.server.handler.ContextHandler - Started o.e.j.w.WebAppContext@2c865d75{/browser,jar:file:/home/javad/cadet/neo4j-community-2.0.0/system/lib/neo4j-browser-2.0.0.jar!/browser,AVAILABLE}
17:38:39.671 [main] INFO  o.e.j.server.handler.ContextHandler - Started o.e.j.s.ServletContextHandler@b5a9289{/,null,AVAILABLE}
17:38:39.682 [main] INFO  o.e.jetty.server.ServerConnector - Started ServerConnector@6914225f{HTTP/1.1}{localhost:7474}
17:38:40.125 [main] INFO  o.e.jetty.server.ServerConnector - Started ServerConnector@6f63c721{SSL-HTTP/1.1}{localhost:7473}
2014-01-11 22:38:40.126+0000 INFO  [API] Remote interface ready and available at [http://localhost:7474/]
17:45:32.240 [Thread-30] INFO  o.e.jetty.server.ServerConnector - Stopped ServerConnector@6914225f{HTTP/1.1}{localhost:7474}
17:45:32.245 [Thread-30] INFO  o.e.jetty.server.ServerConnector - Stopped ServerConnector@6f63c721{SSL-HTTP/1.1}{localhost:7473}
17:45:32.246 [Thread-30] INFO  o.e.j.server.handler.ContextHandler - Stopped o.e.j.s.ServletContextHandler@b5a9289{/,null,UNAVAILABLE}
17:45:32.248 [Thread-30] INFO  o.e.j.server.handler.ContextHandler - Stopped o.e.j.w.WebAppContext@2c865d75{/browser,jar:file:/home/javad/cadet/neo4j-community-2.0.0/system/lib/neo4j-browser-2.0.0.jar!/browser,UNAVAILABLE}
17:45:32.248 [Thread-30] INFO  o.e.j.server.handler.ContextHandler - Stopped o.e.j.s.ServletContextHandler@2c783096{/db/data,null,UNAVAILABLE}
17:45:32.249 [Thread-30] INFO  o.e.j.server.handler.ContextHandler - Stopped o.e.j.s.ServletContextHandler@3b92833d{/db/manage,null,UNAVAILABLE}
17:45:32.250 [Thread-30] INFO  o.e.j.server.handler.ContextHandler - Stopped o.e.j.w.WebAppContext@5a3525c5{/webadmin,jar:file:/home/javad/cadet/neo4j-community-2.0.0/system/lib/neo4j-server-2.0.0-static-web.jar!/webadmin-html,UNAVAILABLE}
17:45:32.250 [Thread-30] INFO  o.e.j.server.handler.ContextHandler - Stopped o.e.j.s.h.MovedContextHandler@7022efdf{/,null,UNAVAILABLE}
2014-01-11 22:46:11.716+0000 INFO  [API] Setting startup timeout to: 120000ms based on -1
2014-01-11 22:46:13.214+0000 INFO  [API] Successfully started database
2014-01-11 22:46:13.611+0000 INFO  [API] Starting HTTP on port :7474 with 80 threads available
2014-01-11 22:46:13.809+0000 INFO  [API] Enabling HTTPS on port :7473
2014-01-11 22:46:13.912+0000 INFO  [API] Mounted discovery module at [/]
2014-01-11 22:46:13.921+0000 INFO  [API] Mounted REST API at [/db/data/]
2014-01-11 22:46:13.925+0000 INFO  [API] Mounted management API at [/db/manage/]
2014-01-11 22:46:13.926+0000 INFO  [API] Mounted webadmin at [/webadmin]
2014-01-11 22:46:13.927+0000 INFO  [API] Mounted Neo4j Browser at [/browser]
2014-01-11 22:46:14.023+0000 INFO  [API] Mounting static content at [/webadmin] from [webadmin-html]
2014-01-11 22:46:14.098+0000 INFO  [API] Mounting static content at [/browser] from [browser]
17:46:14.099 [main] WARN  o.e.j.server.handler.ContextHandler - o.e.j.s.ServletContextHandler@7cfaee66{/,null,null} contextPath ends with /
17:46:14.099 [main] WARN  o.e.j.server.handler.ContextHandler - Empty contextPath
17:46:14.103 [main] INFO  org.eclipse.jetty.server.Server - jetty-9.0.5.v20130815
17:46:14.141 [main] INFO  o.e.j.server.handler.ContextHandler - Started o.e.j.s.h.MovedContextHandler@7fe761b7{/,null,AVAILABLE}
17:46:14.342 [main] INFO  o.e.j.w.StandardDescriptorProcessor - NO JSP Support for /webadmin, did not find org.apache.jasper.servlet.JspServlet
17:46:14.365 [main] INFO  o.e.j.server.handler.ContextHandler - Started o.e.j.w.WebAppContext@6a51e65a{/webadmin,jar:file:/home/javad/cadet/neo4j-community-2.0.0/system/lib/neo4j-server-2.0.0-static-web.jar!/webadmin-html,AVAILABLE}
17:46:14.943 [main] INFO  o.e.j.server.handler.ContextHandler - Started o.e.j.s.ServletContextHandler@169c98fb{/db/manage,null,AVAILABLE}
17:46:15.298 [main] INFO  o.e.j.server.handler.ContextHandler - Started o.e.j.s.ServletContextHandler@7c4ffbec{/db/data,null,AVAILABLE}
17:46:15.319 [main] INFO  o.e.j.w.StandardDescriptorProcessor - NO JSP Support for /browser, did not find org.apache.jasper.servlet.JspServlet
17:46:15.320 [main] INFO  o.e.j.server.handler.ContextHandler - Started o.e.j.w.WebAppContext@781a6884{/browser,jar:file:/home/javad/cadet/neo4j-community-2.0.0/system/lib/neo4j-browser-2.0.0.jar!/browser,AVAILABLE}
17:46:15.472 [main] INFO  o.e.j.server.handler.ContextHandler - Started o.e.j.s.ServletContextHandler@7cfaee66{/,null,AVAILABLE}
17:46:15.485 [main] INFO  o.e.jetty.server.ServerConnector - Started ServerConnector@34f9c3e0{HTTP/1.1}{0.0.0.0:7474}
17:46:15.962 [main] INFO  o.e.jetty.server.ServerConnector - Started ServerConnector@54e4460e{SSL-HTTP/1.1}{0.0.0.0:7473}
2014-01-11 22:46:15.968+0000 INFO  [API] Remote interface ready and available at [http://0.0.0.0:7474/]
2014-01-11 22:48:39.837+0000 INFO  [API] Neo4j Server shutdown initiated by request
17:48:39.847 [Thread-31] INFO  o.e.jetty.server.ServerConnector - Stopped ServerConnector@34f9c3e0{HTTP/1.1}{0.0.0.0:7474}
17:48:39.849 [Thread-31] INFO  o.e.jetty.server.ServerConnector - Stopped ServerConnector@54e4460e{SSL-HTTP/1.1}{0.0.0.0:7473}
17:48:39.850 [Thread-31] INFO  o.e.j.server.handler.ContextHandler - Stopped o.e.j.s.ServletContextHandler@7cfaee66{/,null,UNAVAILABLE}
17:48:39.853 [Thread-31] INFO  o.e.j.server.handler.ContextHandler - Stopped o.e.j.w.WebAppContext@781a6884{/browser,jar:file:/home/javad/cadet/neo4j-community-2.0.0/system/lib/neo4j-browser-2.0.0.jar!/browser,UNAVAILABLE}
17:48:39.853 [Thread-31] INFO  o.e.j.server.handler.ContextHandler - Stopped o.e.j.s.ServletContextHandler@7c4ffbec{/db/data,null,UNAVAILABLE}
17:48:39.854 [Thread-31] INFO  o.e.j.server.handler.ContextHandler - Stopped o.e.j.s.ServletContextHandler@169c98fb{/db/manage,null,UNAVAILABLE}
17:48:39.855 [Thread-31] INFO  o.e.j.server.handler.ContextHandler - Stopped o.e.j.w.WebAppContext@6a51e65a{/webadmin,jar:file:/home/javad/cadet/neo4j-community-2.0.0/system/lib/neo4j-server-2.0.0-static-web.jar!/webadmin-html,UNAVAILABLE}
17:48:39.855 [Thread-31] INFO  o.e.j.server.handler.ContextHandler - Stopped o.e.j.s.h.MovedContextHandler@7fe761b7{/,null,UNAVAILABLE}
2014-01-11 22:50:53.393+0000 INFO  [API] Setting startup timeout to: 120000ms based on -1
Detected incorrectly shut down database, performing recovery..
2014-01-11 22:50:54.805+0000 INFO  [API] Successfully started database
2014-01-11 22:50:55.199+0000 INFO  [API] Starting HTTP on port :7474 with 80 threads available
2014-01-11 22:50:55.402+0000 INFO  [API] Enabling HTTPS on port :7473
2014-01-11 22:50:55.506+0000 INFO  [API] Mounted discovery module at [/]
2014-01-11 22:50:55.514+0000 INFO  [API] Mounted REST API at [/db/data/]
2014-01-11 22:50:55.518+0000 INFO  [API] Mounted management API at [/db/manage/]
2014-01-11 22:50:55.519+0000 INFO  [API] Mounted webadmin at [/webadmin]
2014-01-11 22:50:55.520+0000 INFO  [API] Mounted Neo4j Browser at [/browser]
2014-01-11 22:50:55.620+0000 INFO  [API] Mounting static content at [/webadmin] from [webadmin-html]
2014-01-11 22:50:55.688+0000 INFO  [API] Mounting static content at [/browser] from [browser]
17:50:55.689 [main] WARN  o.e.j.server.handler.ContextHandler - o.e.j.s.ServletContextHandler@2419eee5{/,null,null} contextPath ends with /
17:50:55.689 [main] WARN  o.e.j.server.handler.ContextHandler - Empty contextPath
17:50:55.693 [main] INFO  org.eclipse.jetty.server.Server - jetty-9.0.5.v20130815
17:50:55.731 [main] INFO  o.e.j.server.handler.ContextHandler - Started o.e.j.s.h.MovedContextHandler@5d72a844{/,null,AVAILABLE}
17:50:55.908 [main] INFO  o.e.j.w.StandardDescriptorProcessor - NO JSP Support for /webadmin, did not find org.apache.jasper.servlet.JspServlet
17:50:55.927 [main] INFO  o.e.j.server.handler.ContextHandler - Started o.e.j.w.WebAppContext@1462c209{/webadmin,jar:file:/home/javad/cadet/neo4j-community-2.0.0/system/lib/neo4j-server-2.0.0-static-web.jar!/webadmin-html,AVAILABLE}
17:50:56.476 [main] INFO  o.e.j.server.handler.ContextHandler - Started o.e.j.s.ServletContextHandler@77a141ae{/db/manage,null,AVAILABLE}
17:50:56.815 [main] INFO  o.e.j.server.handler.ContextHandler - Started o.e.j.s.ServletContextHandler@5521b417{/db/data,null,AVAILABLE}
17:50:56.837 [main] INFO  o.e.j.w.StandardDescriptorProcessor - NO JSP Support for /browser, did not find org.apache.jasper.servlet.JspServlet
17:50:56.838 [main] INFO  o.e.j.server.handler.ContextHandler - Started o.e.j.w.WebAppContext@149bdd4e{/browser,jar:file:/home/javad/cadet/neo4j-community-2.0.0/system/lib/neo4j-browser-2.0.0.jar!/browser,AVAILABLE}
17:50:56.974 [main] INFO  o.e.j.server.handler.ContextHandler - Started o.e.j.s.ServletContextHandler@2419eee5{/,null,AVAILABLE}
17:50:56.985 [main] INFO  o.e.jetty.server.ServerConnector - Started ServerConnector@65adfb84{HTTP/1.1}{0.0.0.0:7474}
17:50:57.666 [main] INFO  o.e.jetty.server.ServerConnector - Started ServerConnector@2a49ed1a{SSL-HTTP/1.1}{0.0.0.0:7473}
2014-01-11 22:50:57.670+0000 INFO  [API] Remote interface ready and available at [http://0.0.0.0:7474/]
17:52:09.182 [Thread-35] INFO  o.e.jetty.server.ServerConnector - Stopped ServerConnector@65adfb84{HTTP/1.1}{0.0.0.0:7474}
17:52:09.186 [Thread-35] INFO  o.e.jetty.server.ServerConnector - Stopped ServerConnector@2a49ed1a{SSL-HTTP/1.1}{0.0.0.0:7473}
17:52:09.187 [Thread-35] INFO  o.e.j.server.handler.ContextHandler - Stopped o.e.j.s.ServletContextHandler@2419eee5{/,null,UNAVAILABLE}
17:52:09.190 [Thread-35] INFO  o.e.j.server.handler.ContextHandler - Stopped o.e.j.w.WebAppContext@149bdd4e{/browser,jar:file:/home/javad/cadet/neo4j-community-2.0.0/system/lib/neo4j-browser-2.0.0.jar!/browser,UNAVAILABLE}
17:52:09.190 [Thread-35] INFO  o.e.j.server.handler.ContextHandler - Stopped o.e.j.s.ServletContextHandler@5521b417{/db/data,null,UNAVAILABLE}
17:52:09.191 [Thread-35] INFO  o.e.j.server.handler.ContextHandler - Stopped o.e.j.s.ServletContextHandler@77a141ae{/db/manage,null,UNAVAILABLE}
17:52:09.192 [Thread-35] INFO  o.e.j.server.handler.ContextHandler - Stopped o.e.j.w.WebAppContext@1462c209{/webadmin,jar:file:/home/javad/cadet/neo4j-community-2.0.0/system/lib/neo4j-server-2.0.0-static-web.jar!/webadmin-html,UNAVAILABLE}
17:52:09.192 [Thread-35] INFO  o.e.j.server.handler.ContextHandler - Stopped o.e.j.s.h.MovedContextHandler@5d72a844{/,null,UNAVAILABLE}
2014-01-11 22:52:24.128+0000 INFO  [API] Setting startup timeout to: 120000ms based on -1
2014-01-11 22:52:25.320+0000 INFO  [API] Successfully started database
2014-01-11 22:52:25.706+0000 INFO  [API] Starting HTTP on port :7474 with 80 threads available
2014-01-11 22:52:25.899+0000 INFO  [API] Enabling HTTPS on port :7473
2014-01-11 22:52:26.003+0000 INFO  [API] Mounted discovery module at [/]
2014-01-11 22:52:26.012+0000 INFO  [API] Mounted REST API at [/db/data/]
2014-01-11 22:52:26.016+0000 INFO  [API] Mounted management API at [/db/manage/]
2014-01-11 22:52:26.017+0000 INFO  [API] Mounted webadmin at [/webadmin]
2014-01-11 22:52:26.018+0000 INFO  [API] Mounted Neo4j Browser at [/browser]
2014-01-11 22:52:26.113+0000 INFO  [API] Mounting static content at [/webadmin] from [webadmin-html]
2014-01-11 22:52:26.185+0000 INFO  [API] Mounting static content at [/browser] from [browser]
17:52:26.186 [main] WARN  o.e.j.server.handler.ContextHandler - o.e.j.s.ServletContextHandler@181ce810{/,null,null} contextPath ends with /
17:52:26.186 [main] WARN  o.e.j.server.handler.ContextHandler - Empty contextPath
17:52:26.190 [main] INFO  org.eclipse.jetty.server.Server - jetty-9.0.5.v20130815
17:52:26.228 [main] INFO  o.e.j.server.handler.ContextHandler - Started o.e.j.s.h.MovedContextHandler@578f4899{/,null,AVAILABLE}
17:52:26.415 [main] INFO  o.e.j.w.StandardDescriptorProcessor - NO JSP Support for /webadmin, did not find org.apache.jasper.servlet.JspServlet
17:52:26.438 [main] INFO  o.e.j.server.handler.ContextHandler - Started o.e.j.w.WebAppContext@65bc047a{/webadmin,jar:file:/home/javad/cadet/neo4j-community-2.0.0/system/lib/neo4j-server-2.0.0-static-web.jar!/webadmin-html,AVAILABLE}
17:52:27.021 [main] INFO  o.e.j.server.handler.ContextHandler - Started o.e.j.s.ServletContextHandler@3b9097ad{/db/manage,null,AVAILABLE}
17:52:27.382 [main] INFO  o.e.j.server.handler.ContextHandler - Started o.e.j.s.ServletContextHandler@104bd2df{/db/data,null,AVAILABLE}
17:52:27.405 [main] INFO  o.e.j.w.StandardDescriptorProcessor - NO JSP Support for /browser, did not find org.apache.jasper.servlet.JspServlet
17:52:27.408 [main] INFO  o.e.j.server.handler.ContextHandler - Started o.e.j.w.WebAppContext@1b9c1aa8{/browser,jar:file:/home/javad/cadet/neo4j-community-2.0.0/system/lib/neo4j-browser-2.0.0.jar!/browser,AVAILABLE}
17:52:27.547 [main] INFO  o.e.j.server.handler.ContextHandler - Started o.e.j.s.ServletContextHandler@181ce810{/,null,AVAILABLE}
17:52:27.559 [main] INFO  o.e.jetty.server.ServerConnector - Started ServerConnector@a344072{HTTP/1.1}{0.0.0.0:7474}
17:52:28.030 [main] INFO  o.e.jetty.server.ServerConnector - Started ServerConnector@789da711{SSL-HTTP/1.1}{0.0.0.0:7473}
2014-01-11 22:52:28.032+0000 INFO  [API] Remote interface ready and available at [http://0.0.0.0:7474/]
2014-01-11 22:55:50.813+0000 INFO  [API] Neo4j Server shutdown initiated by request
17:55:50.824 [Thread-24] INFO  o.e.jetty.server.ServerConnector - Stopped ServerConnector@a344072{HTTP/1.1}{0.0.0.0:7474}
17:55:50.827 [Thread-24] INFO  o.e.jetty.server.ServerConnector - Stopped ServerConnector@789da711{SSL-HTTP/1.1}{0.0.0.0:7473}
17:55:50.828 [Thread-24] INFO  o.e.j.server.handler.ContextHandler - Stopped o.e.j.s.ServletContextHandler@181ce810{/,null,UNAVAILABLE}
17:55:50.830 [Thread-24] INFO  o.e.j.server.handler.ContextHandler - Stopped o.e.j.w.WebAppContext@1b9c1aa8{/browser,jar:file:/home/javad/cadet/neo4j-community-2.0.0/system/lib/neo4j-browser-2.0.0.jar!/browser,UNAVAILABLE}
17:55:50.830 [Thread-24] INFO  o.e.j.server.handler.ContextHandler - Stopped o.e.j.s.ServletContextHandler@104bd2df{/db/data,null,UNAVAILABLE}
17:55:50.831 [Thread-24] INFO  o.e.j.server.handler.ContextHandler - Stopped o.e.j.s.ServletContextHandler@3b9097ad{/db/manage,null,UNAVAILABLE}
17:55:50.832 [Thread-24] INFO  o.e.j.server.handler.ContextHandler - Stopped o.e.j.w.WebAppContext@65bc047a{/webadmin,jar:file:/home/javad/cadet/neo4j-community-2.0.0/system/lib/neo4j-server-2.0.0-static-web.jar!/webadmin-html,UNAVAILABLE}
17:55:50.832 [Thread-24] INFO  o.e.j.server.handler.ContextHandler - Stopped o.e.j.s.h.MovedContextHandler@578f4899{/,null,UNAVAILABLE}
2014-01-11 23:04:46.234+0000 INFO  [API] Setting startup timeout to: 120000ms based on -1
2014-01-11 23:04:47.452+0000 INFO  [API] Successfully started database
2014-01-11 23:04:47.860+0000 INFO  [API] Starting HTTP on port :7474 with 80 threads available
2014-01-11 23:04:48.079+0000 INFO  [API] Enabling HTTPS on port :7473
2014-01-11 23:04:48.180+0000 INFO  [API] Mounted discovery module at [/]
2014-01-11 23:04:48.188+0000 INFO  [API] Mounted REST API at [/db/data/]
2014-01-11 23:04:48.192+0000 INFO  [API] Mounted management API at [/db/manage/]
2014-01-11 23:04:48.193+0000 INFO  [API] Mounted webadmin at [/webadmin]
2014-01-11 23:04:48.194+0000 INFO  [API] Mounted Neo4j Browser at [/browser]
2014-01-11 23:04:48.291+0000 INFO  [API] Mounting static content at [/webadmin] from [webadmin-html]
2014-01-11 23:04:48.368+0000 INFO  [API] Mounting static content at [/browser] from [browser]
18:04:48.369 [main] WARN  o.e.j.server.handler.ContextHandler - o.e.j.s.ServletContextHandler@246c6665{/,null,null} contextPath ends with /
18:04:48.369 [main] WARN  o.e.j.server.handler.ContextHandler - Empty contextPath
18:04:48.373 [main] INFO  org.eclipse.jetty.server.Server - jetty-9.0.5.v20130815
18:04:48.411 [main] INFO  o.e.j.server.handler.ContextHandler - Started o.e.j.s.h.MovedContextHandler@68bd6980{/,null,AVAILABLE}
18:04:48.608 [main] INFO  o.e.j.w.StandardDescriptorProcessor - NO JSP Support for /webadmin, did not find org.apache.jasper.servlet.JspServlet
18:04:48.632 [main] INFO  o.e.j.server.handler.ContextHandler - Started o.e.j.w.WebAppContext@41c596d9{/webadmin,jar:file:/home/javad/cadet/neo4j-community-2.0.0/system/lib/neo4j-server-2.0.0-static-web.jar!/webadmin-html,AVAILABLE}
18:04:49.243 [main] INFO  o.e.j.server.handler.ContextHandler - Started o.e.j.s.ServletContextHandler@341dc81d{/db/manage,null,AVAILABLE}
18:04:49.554 [main] INFO  o.e.j.server.handler.ContextHandler - Started o.e.j.s.ServletContextHandler@35b8d685{/db/data,null,AVAILABLE}
18:04:49.574 [main] INFO  o.e.j.w.StandardDescriptorProcessor - NO JSP Support for /browser, did not find org.apache.jasper.servlet.JspServlet
18:04:49.576 [main] INFO  o.e.j.server.handler.ContextHandler - Started o.e.j.w.WebAppContext@694a1247{/browser,jar:file:/home/javad/cadet/neo4j-community-2.0.0/system/lib/neo4j-browser-2.0.0.jar!/browser,AVAILABLE}
18:04:49.720 [main] INFO  o.e.j.server.handler.ContextHandler - Started o.e.j.s.ServletContextHandler@246c6665{/,null,AVAILABLE}
18:04:49.731 [main] INFO  o.e.jetty.server.ServerConnector - Started ServerConnector@7136d3d3{HTTP/1.1}{0.0.0.0:7474}
18:04:50.180 [main] INFO  o.e.jetty.server.ServerConnector - Started ServerConnector@11361f82{SSL-HTTP/1.1}{0.0.0.0:7473}
2014-01-11 23:04:50.184+0000 INFO  [API] Remote interface ready and available at [http://0.0.0.0:7474/]
