Jan 11, 2014 5:30:50 PM org.neo4j.server.logging.Logger log
INFO: Setting startup timeout to: 120000ms based on -1
Jan 11, 2014 5:30:52 PM org.neo4j.server.logging.Logger log
INFO: Successfully started database
Jan 11, 2014 5:30:52 PM org.neo4j.server.logging.Logger log
INFO: Starting HTTP on port :7474 with 80 threads available
Jan 11, 2014 5:30:52 PM org.neo4j.server.logging.Logger log
INFO: Enabling HTTPS on port :7473
Jan 11, 2014 5:30:52 PM org.neo4j.server.logging.Logger log
INFO: No SSL certificate found, generating a self-signed certificate..
Jan 11, 2014 5:30:53 PM org.neo4j.server.logging.Logger log
INFO: Mounted discovery module at [/]
Jan 11, 2014 5:30:53 PM org.neo4j.server.logging.Logger log
INFO: Mounted REST API at [/db/data/]
Jan 11, 2014 5:30:53 PM org.neo4j.server.logging.Logger log
INFO: Mounted management API at [/db/manage/]
Jan 11, 2014 5:30:53 PM org.neo4j.server.logging.Logger log
INFO: Mounted webadmin at [/webadmin]
Jan 11, 2014 5:30:53 PM org.neo4j.server.logging.Logger log
INFO: Mounted Neo4j Browser at [/browser]
Jan 11, 2014 5:30:53 PM org.neo4j.server.logging.Logger log
INFO: Mounting static content at [/webadmin] from [webadmin-html]
Jan 11, 2014 5:30:53 PM org.neo4j.server.logging.Logger log
INFO: Mounting static content at [/browser] from [browser]
Jan 11, 2014 5:30:54 PM com.sun.jersey.server.impl.application.WebApplicationImpl _initiate
INFO: Initiating Jersey application, version 'Jersey: 1.9 09/02/2011 11:17 AM'
Jan 11, 2014 5:30:54 PM com.sun.jersey.server.impl.application.WebApplicationImpl _initiate
INFO: Initiating Jersey application, version 'Jersey: 1.9 09/02/2011 11:17 AM'
Jan 11, 2014 5:30:54 PM com.sun.jersey.server.impl.application.WebApplicationImpl _initiate
INFO: Initiating Jersey application, version 'Jersey: 1.9 09/02/2011 11:17 AM'
Jan 11, 2014 5:30:55 PM org.neo4j.server.logging.Logger log
SEVERE: Failed to start Neo Server on port [7474], reason [MultiException[java.net.BindException: Address already in use, java.net.BindException: Address already in use]]
Jan 11, 2014 5:30:55 PM org.neo4j.server.logging.Logger log
SEVERE: 
org.neo4j.server.ServerStartupException: Starting Neo4j Server failed: MultiException[java.net.BindException: Address already in use, java.net.BindException: Address already in use]
	at org.neo4j.server.AbstractNeoServer.start(AbstractNeoServer.java:209)
	at org.neo4j.server.Bootstrapper.start(Bootstrapper.java:87)
	at org.neo4j.server.Bootstrapper.main(Bootstrapper.java:50)
Caused by: java.lang.RuntimeException: MultiException[java.net.BindException: Address already in use, java.net.BindException: Address already in use]
	at org.neo4j.server.web.Jetty9WebServer.startJetty(Jetty9WebServer.java:353)
	at org.neo4j.server.web.Jetty9WebServer.start(Jetty9WebServer.java:172)
	at org.neo4j.server.AbstractNeoServer.startWebServer(AbstractNeoServer.java:391)
	at org.neo4j.server.AbstractNeoServer.start(AbstractNeoServer.java:176)
	... 2 more
Caused by: MultiException[java.net.BindException: Address already in use, java.net.BindException: Address already in use]
	at org.eclipse.jetty.server.Server.doStart(Server.java:286)
	at org.eclipse.jetty.util.component.AbstractLifeCycle.start(AbstractLifeCycle.java:69)
	at org.neo4j.server.web.Jetty9WebServer.startJetty(Jetty9WebServer.java:349)
	... 5 more

Jan 11, 2014 5:30:55 PM org.neo4j.server.logging.Logger log
SEVERE: Failed to start Neo Server on port [7474]
Jan 11, 2014 5:31:41 PM org.neo4j.server.logging.Logger log
INFO: Setting startup timeout to: 120000ms based on -1
Jan 11, 2014 5:31:43 PM org.neo4j.server.logging.Logger log
INFO: Successfully started database
Jan 11, 2014 5:31:43 PM org.neo4j.server.logging.Logger log
INFO: Starting HTTP on port :7474 with 80 threads available
Jan 11, 2014 5:31:43 PM org.neo4j.server.logging.Logger log
INFO: Enabling HTTPS on port :7473
Jan 11, 2014 5:31:43 PM org.neo4j.server.logging.Logger log
INFO: Mounted discovery module at [/]
Jan 11, 2014 5:31:43 PM org.neo4j.server.logging.Logger log
INFO: Mounted REST API at [/db/data/]
Jan 11, 2014 5:31:43 PM org.neo4j.server.logging.Logger log
INFO: Mounted management API at [/db/manage/]
Jan 11, 2014 5:31:43 PM org.neo4j.server.logging.Logger log
INFO: Mounted webadmin at [/webadmin]
Jan 11, 2014 5:31:43 PM org.neo4j.server.logging.Logger log
INFO: Mounted Neo4j Browser at [/browser]
Jan 11, 2014 5:31:43 PM org.neo4j.server.logging.Logger log
INFO: Mounting static content at [/webadmin] from [webadmin-html]
Jan 11, 2014 5:31:44 PM org.neo4j.server.logging.Logger log
INFO: Mounting static content at [/browser] from [browser]
Jan 11, 2014 5:31:44 PM com.sun.jersey.server.impl.application.WebApplicationImpl _initiate
INFO: Initiating Jersey application, version 'Jersey: 1.9 09/02/2011 11:17 AM'
Jan 11, 2014 5:31:44 PM com.sun.jersey.server.impl.application.WebApplicationImpl _initiate
INFO: Initiating Jersey application, version 'Jersey: 1.9 09/02/2011 11:17 AM'
Jan 11, 2014 5:31:45 PM com.sun.jersey.server.impl.application.WebApplicationImpl _initiate
INFO: Initiating Jersey application, version 'Jersey: 1.9 09/02/2011 11:17 AM'
Jan 11, 2014 5:31:45 PM org.neo4j.server.logging.Logger log
INFO: Remote interface ready and available at [http://localhost:7474/]
Jan 11, 2014 5:31:48 PM org.neo4j.server.logging.Logger log
INFO: Neo4j Server shutdown initiated by request
Jan 11, 2014 5:38:36 PM org.neo4j.server.logging.Logger log
INFO: Setting startup timeout to: 120000ms based on -1
Jan 11, 2014 5:38:37 PM org.neo4j.server.logging.Logger log
INFO: Successfully started database
Jan 11, 2014 5:38:37 PM org.neo4j.server.logging.Logger log
INFO: Starting HTTP on port :7474 with 80 threads available
Jan 11, 2014 5:38:38 PM org.neo4j.server.logging.Logger log
INFO: Enabling HTTPS on port :7473
Jan 11, 2014 5:38:38 PM org.neo4j.server.logging.Logger log
INFO: Mounted discovery module at [/]
Jan 11, 2014 5:38:38 PM org.neo4j.server.logging.Logger log
INFO: Mounted REST API at [/db/data/]
Jan 11, 2014 5:38:38 PM org.neo4j.server.logging.Logger log
INFO: Mounted management API at [/db/manage/]
Jan 11, 2014 5:38:38 PM org.neo4j.server.logging.Logger log
INFO: Mounted webadmin at [/webadmin]
Jan 11, 2014 5:38:38 PM org.neo4j.server.logging.Logger log
INFO: Mounted Neo4j Browser at [/browser]
Jan 11, 2014 5:38:38 PM org.neo4j.server.logging.Logger log
INFO: Mounting static content at [/webadmin] from [webadmin-html]
Jan 11, 2014 5:38:38 PM org.neo4j.server.logging.Logger log
INFO: Mounting static content at [/browser] from [browser]
Jan 11, 2014 5:38:38 PM com.sun.jersey.server.impl.application.WebApplicationImpl _initiate
INFO: Initiating Jersey application, version 'Jersey: 1.9 09/02/2011 11:17 AM'
Jan 11, 2014 5:38:39 PM com.sun.jersey.server.impl.application.WebApplicationImpl _initiate
INFO: Initiating Jersey application, version 'Jersey: 1.9 09/02/2011 11:17 AM'
Jan 11, 2014 5:38:39 PM com.sun.jersey.server.impl.application.WebApplicationImpl _initiate
INFO: Initiating Jersey application, version 'Jersey: 1.9 09/02/2011 11:17 AM'
Jan 11, 2014 5:38:40 PM org.neo4j.server.logging.Logger log
INFO: Remote interface ready and available at [http://localhost:7474/]
Jan 11, 2014 5:46:11 PM org.neo4j.server.logging.Logger log
INFO: Setting startup timeout to: 120000ms based on -1
Jan 11, 2014 5:46:13 PM org.neo4j.server.logging.Logger log
INFO: Successfully started database
Jan 11, 2014 5:46:13 PM org.neo4j.server.logging.Logger log
INFO: Starting HTTP on port :7474 with 80 threads available
Jan 11, 2014 5:46:13 PM org.neo4j.server.logging.Logger log
INFO: Enabling HTTPS on port :7473
Jan 11, 2014 5:46:13 PM org.neo4j.server.logging.Logger log
INFO: Mounted discovery module at [/]
Jan 11, 2014 5:46:13 PM org.neo4j.server.logging.Logger log
INFO: Mounted REST API at [/db/data/]
Jan 11, 2014 5:46:13 PM org.neo4j.server.logging.Logger log
INFO: Mounted management API at [/db/manage/]
Jan 11, 2014 5:46:13 PM org.neo4j.server.logging.Logger log
INFO: Mounted webadmin at [/webadmin]
Jan 11, 2014 5:46:13 PM org.neo4j.server.logging.Logger log
INFO: Mounted Neo4j Browser at [/browser]
Jan 11, 2014 5:46:14 PM org.neo4j.server.logging.Logger log
INFO: Mounting static content at [/webadmin] from [webadmin-html]
Jan 11, 2014 5:46:14 PM org.neo4j.server.logging.Logger log
INFO: Mounting static content at [/browser] from [browser]
Jan 11, 2014 5:46:14 PM com.sun.jersey.server.impl.application.WebApplicationImpl _initiate
INFO: Initiating Jersey application, version 'Jersey: 1.9 09/02/2011 11:17 AM'
Jan 11, 2014 5:46:14 PM com.sun.jersey.server.impl.application.WebApplicationImpl _initiate
INFO: Initiating Jersey application, version 'Jersey: 1.9 09/02/2011 11:17 AM'
Jan 11, 2014 5:46:15 PM com.sun.jersey.server.impl.application.WebApplicationImpl _initiate
INFO: Initiating Jersey application, version 'Jersey: 1.9 09/02/2011 11:17 AM'
Jan 11, 2014 5:46:15 PM org.neo4j.server.logging.Logger log
INFO: Remote interface ready and available at [http://0.0.0.0:7474/]
Jan 11, 2014 5:50:53 PM org.neo4j.server.logging.Logger log
INFO: Setting startup timeout to: 120000ms based on -1
Jan 11, 2014 5:50:54 PM org.neo4j.server.logging.Logger log
INFO: Successfully started database
Jan 11, 2014 5:50:55 PM org.neo4j.server.logging.Logger log
INFO: Starting HTTP on port :7474 with 80 threads available
Jan 11, 2014 5:50:55 PM org.neo4j.server.logging.Logger log
INFO: Enabling HTTPS on port :7473
Jan 11, 2014 5:50:55 PM org.neo4j.server.logging.Logger log
INFO: Mounted discovery module at [/]
Jan 11, 2014 5:50:55 PM org.neo4j.server.logging.Logger log
INFO: Mounted REST API at [/db/data/]
Jan 11, 2014 5:50:55 PM org.neo4j.server.logging.Logger log
INFO: Mounted management API at [/db/manage/]
Jan 11, 2014 5:50:55 PM org.neo4j.server.logging.Logger log
INFO: Mounted webadmin at [/webadmin]
Jan 11, 2014 5:50:55 PM org.neo4j.server.logging.Logger log
INFO: Mounted Neo4j Browser at [/browser]
Jan 11, 2014 5:50:55 PM org.neo4j.server.logging.Logger log
INFO: Mounting static content at [/webadmin] from [webadmin-html]
Jan 11, 2014 5:50:55 PM org.neo4j.server.logging.Logger log
INFO: Mounting static content at [/browser] from [browser]
Jan 11, 2014 5:50:56 PM com.sun.jersey.server.impl.application.WebApplicationImpl _initiate
INFO: Initiating Jersey application, version 'Jersey: 1.9 09/02/2011 11:17 AM'
Jan 11, 2014 5:50:56 PM com.sun.jersey.server.impl.application.WebApplicationImpl _initiate
INFO: Initiating Jersey application, version 'Jersey: 1.9 09/02/2011 11:17 AM'
Jan 11, 2014 5:50:56 PM com.sun.jersey.server.impl.application.WebApplicationImpl _initiate
INFO: Initiating Jersey application, version 'Jersey: 1.9 09/02/2011 11:17 AM'
Jan 11, 2014 5:50:57 PM org.neo4j.server.logging.Logger log
INFO: Remote interface ready and available at [http://0.0.0.0:7474/]
Jan 11, 2014 5:52:24 PM org.neo4j.server.logging.Logger log
INFO: Setting startup timeout to: 120000ms based on -1
Jan 11, 2014 5:52:25 PM org.neo4j.server.logging.Logger log
INFO: Successfully started database
Jan 11, 2014 5:52:25 PM org.neo4j.server.logging.Logger log
INFO: Starting HTTP on port :7474 with 80 threads available
Jan 11, 2014 5:52:25 PM org.neo4j.server.logging.Logger log
INFO: Enabling HTTPS on port :7473
Jan 11, 2014 5:52:26 PM org.neo4j.server.logging.Logger log
INFO: Mounted discovery module at [/]
Jan 11, 2014 5:52:26 PM org.neo4j.server.logging.Logger log
INFO: Mounted REST API at [/db/data/]
Jan 11, 2014 5:52:26 PM org.neo4j.server.logging.Logger log
INFO: Mounted management API at [/db/manage/]
Jan 11, 2014 5:52:26 PM org.neo4j.server.logging.Logger log
INFO: Mounted webadmin at [/webadmin]
Jan 11, 2014 5:52:26 PM org.neo4j.server.logging.Logger log
INFO: Mounted Neo4j Browser at [/browser]
Jan 11, 2014 5:52:26 PM org.neo4j.server.logging.Logger log
INFO: Mounting static content at [/webadmin] from [webadmin-html]
Jan 11, 2014 5:52:26 PM org.neo4j.server.logging.Logger log
INFO: Mounting static content at [/browser] from [browser]
Jan 11, 2014 5:52:26 PM com.sun.jersey.server.impl.application.WebApplicationImpl _initiate
INFO: Initiating Jersey application, version 'Jersey: 1.9 09/02/2011 11:17 AM'
Jan 11, 2014 5:52:27 PM com.sun.jersey.server.impl.application.WebApplicationImpl _initiate
INFO: Initiating Jersey application, version 'Jersey: 1.9 09/02/2011 11:17 AM'
Jan 11, 2014 5:52:27 PM com.sun.jersey.server.impl.application.WebApplicationImpl _initiate
INFO: Initiating Jersey application, version 'Jersey: 1.9 09/02/2011 11:17 AM'
Jan 11, 2014 5:52:28 PM org.neo4j.server.logging.Logger log
INFO: Remote interface ready and available at [http://0.0.0.0:7474/]
Jan 11, 2014 6:04:46 PM org.neo4j.server.logging.Logger log
INFO: Setting startup timeout to: 120000ms based on -1
Jan 11, 2014 6:04:47 PM org.neo4j.server.logging.Logger log
INFO: Successfully started database
Jan 11, 2014 6:04:47 PM org.neo4j.server.logging.Logger log
INFO: Starting HTTP on port :7474 with 80 threads available
Jan 11, 2014 6:04:48 PM org.neo4j.server.logging.Logger log
INFO: Enabling HTTPS on port :7473
Jan 11, 2014 6:04:48 PM org.neo4j.server.logging.Logger log
INFO: Mounted discovery module at [/]
Jan 11, 2014 6:04:48 PM org.neo4j.server.logging.Logger log
INFO: Mounted REST API at [/db/data/]
Jan 11, 2014 6:04:48 PM org.neo4j.server.logging.Logger log
INFO: Mounted management API at [/db/manage/]
Jan 11, 2014 6:04:48 PM org.neo4j.server.logging.Logger log
INFO: Mounted webadmin at [/webadmin]
Jan 11, 2014 6:04:48 PM org.neo4j.server.logging.Logger log
INFO: Mounted Neo4j Browser at [/browser]
Jan 11, 2014 6:04:48 PM org.neo4j.server.logging.Logger log
INFO: Mounting static content at [/webadmin] from [webadmin-html]
Jan 11, 2014 6:04:48 PM org.neo4j.server.logging.Logger log
INFO: Mounting static content at [/browser] from [browser]
Jan 11, 2014 6:04:48 PM com.sun.jersey.server.impl.application.WebApplicationImpl _initiate
INFO: Initiating Jersey application, version 'Jersey: 1.9 09/02/2011 11:17 AM'
Jan 11, 2014 6:04:49 PM com.sun.jersey.server.impl.application.WebApplicationImpl _initiate
INFO: Initiating Jersey application, version 'Jersey: 1.9 09/02/2011 11:17 AM'
Jan 11, 2014 6:04:49 PM com.sun.jersey.server.impl.application.WebApplicationImpl _initiate
INFO: Initiating Jersey application, version 'Jersey: 1.9 09/02/2011 11:17 AM'
Jan 11, 2014 6:04:50 PM org.neo4j.server.logging.Logger log
INFO: Remote interface ready and available at [http://0.0.0.0:7474/]
